<?xml version="1.0" encoding="UTF-8"?>
<testng-results ignored="0" total="1" passed="1" failed="0" skipped="0">
  <reporter-output>
  </reporter-output>
  <suite started-at="2023-02-09T23:21:03 IST" name="Default suite" finished-at="2023-02-09T23:21:45 IST" duration-ms="41446">
    <groups>
    </groups>
    <test started-at="2023-02-09T23:21:03 IST" name="Default test" finished-at="2023-02-09T23:21:45 IST" duration-ms="41446">
      <class name="Assignment.AssignmentTest.TestAssignment">
        <test-method signature="testAss()[pri:0, instance:Assignment.AssignmentTest.TestAssignment@7f0eb4b4]" started-at="2023-02-09T23:21:03 IST" name="testAss" finished-at="2023-02-09T23:21:45 IST" duration-ms="41359" status="PASS">
          <reporter-output>
          </reporter-output>
        </test-method> <!-- testAss -->
      </class> <!-- Assignment.AssignmentTest.TestAssignment -->
    </test> <!-- Default test -->
  </suite> <!-- Default suite -->
</testng-results>
